  gamefunctions.cpp
c:\users\michael\source\repos\yoshisisland\yoshisisland\gamefunctions.cpp(113): warning C4244: 'initializing': conversion from 'double' to 'int', possible loss of data
c:\users\michael\source\repos\yoshisisland\yoshisisland\gamefunctions.cpp(114): warning C4244: 'initializing': conversion from 'float' to 'int', possible loss of data
c:\users\michael\source\repos\yoshisisland\yoshisisland\gamefunctions.cpp(142): warning C4244: 'argument': conversion from 'float' to 'int', possible loss of data
LINK : warning LNK4075: ignoring '/INCREMENTAL' due to '/FORCE' specification
Entity.obj : warning LNK4006: "int __cdecl assignEntityID(bool)" (?assignEntityID@@YAH_N@Z) already defined in Elevator.obj; second definition ignored
gamefunctions.obj : warning LNK4006: "int __cdecl assignEntityID(bool)" (?assignEntityID@@YAH_N@Z) already defined in Elevator.obj; second definition ignored
Interactive.obj : warning LNK4006: "int __cdecl assignEntityID(bool)" (?assignEntityID@@YAH_N@Z) already defined in Elevator.obj; second definition ignored
main.obj : warning LNK4006: "int __cdecl assignEntityID(bool)" (?assignEntityID@@YAH_N@Z) already defined in Elevator.obj; second definition ignored
main.obj : warning LNK4006: "class std::vector<class Entity *,class std::allocator<class Entity *> > ObjectList" (?ObjectList@@3V?$vector@PAVEntity@@V?$allocator@PAVEntity@@@std@@@std@@A) already defined in gamefunctions.obj; second definition ignored
main.obj : warning LNK4006: "class std::vector<class std::vector<class Entity *,class std::allocator<class Entity *> >,class std::allocator<class std::vector<class Entity *,class std::allocator<class Entity *> > > > Layers" (?Layers@@3V?$vector@V?$vector@PAVEntity@@V?$allocator@PAVEntity@@@std@@@std@@V?$allocator@V?$vector@PAVEntity@@V?$allocator@PAVEntity@@@std@@@std@@@2@@std@@A) already defined in gamefunctions.obj; second definition ignored
main.obj : warning LNK4006: "class std::vector<class Entity *,class std::allocator<class Entity *> > Layer1" (?Layer1@@3V?$vector@PAVEntity@@V?$allocator@PAVEntity@@@std@@@std@@A) already defined in gamefunctions.obj; second definition ignored
main.obj : warning LNK4006: "class std::vector<class Entity *,class std::allocator<class Entity *> > Layer2" (?Layer2@@3V?$vector@PAVEntity@@V?$allocator@PAVEntity@@@std@@@std@@A) already defined in gamefunctions.obj; second definition ignored
main.obj : warning LNK4006: "class std::vector<class Entity *,class std::allocator<class Entity *> > Layer3" (?Layer3@@3V?$vector@PAVEntity@@V?$allocator@PAVEntity@@@std@@@std@@A) already defined in gamefunctions.obj; second definition ignored
main.obj : warning LNK4006: "class std::vector<class Entity *,class std::allocator<class Entity *> > Layer4" (?Layer4@@3V?$vector@PAVEntity@@V?$allocator@PAVEntity@@@std@@@std@@A) already defined in gamefunctions.obj; second definition ignored
main.obj : warning LNK4006: "class std::vector<class Entity *,class std::allocator<class Entity *> > Layer5" (?Layer5@@3V?$vector@PAVEntity@@V?$allocator@PAVEntity@@@std@@@std@@A) already defined in gamefunctions.obj; second definition ignored
main.obj : warning LNK4006: "class std::vector<class Entity *,class std::allocator<class Entity *> > Layer6" (?Layer6@@3V?$vector@PAVEntity@@V?$allocator@PAVEntity@@@std@@@std@@A) already defined in gamefunctions.obj; second definition ignored
main.obj : warning LNK4006: "class std::vector<class Entity *,class std::allocator<class Entity *> > Layer7" (?Layer7@@3V?$vector@PAVEntity@@V?$allocator@PAVEntity@@@std@@@std@@A) already defined in gamefunctions.obj; second definition ignored
Texture.obj : warning LNK4006: "int __cdecl assignEntityID(bool)" (?assignEntityID@@YAH_N@Z) already defined in Elevator.obj; second definition ignored
Timer.obj : warning LNK4006: "int __cdecl assignEntityID(bool)" (?assignEntityID@@YAH_N@Z) already defined in Elevator.obj; second definition ignored
Timer.obj : warning LNK4006: "class std::vector<class Entity *,class std::allocator<class Entity *> > ObjectList" (?ObjectList@@3V?$vector@PAVEntity@@V?$allocator@PAVEntity@@@std@@@std@@A) already defined in gamefunctions.obj; second definition ignored
Timer.obj : warning LNK4006: "class std::vector<class std::vector<class Entity *,class std::allocator<class Entity *> >,class std::allocator<class std::vector<class Entity *,class std::allocator<class Entity *> > > > Layers" (?Layers@@3V?$vector@V?$vector@PAVEntity@@V?$allocator@PAVEntity@@@std@@@std@@V?$allocator@V?$vector@PAVEntity@@V?$allocator@PAVEntity@@@std@@@std@@@2@@std@@A) already defined in gamefunctions.obj; second definition ignored
Timer.obj : warning LNK4006: "class std::vector<class Entity *,class std::allocator<class Entity *> > Layer1" (?Layer1@@3V?$vector@PAVEntity@@V?$allocator@PAVEntity@@@std@@@std@@A) already defined in gamefunctions.obj; second definition ignored
Timer.obj : warning LNK4006: "class std::vector<class Entity *,class std::allocator<class Entity *> > Layer2" (?Layer2@@3V?$vector@PAVEntity@@V?$allocator@PAVEntity@@@std@@@std@@A) already defined in gamefunctions.obj; second definition ignored
Timer.obj : warning LNK4006: "class std::vector<class Entity *,class std::allocator<class Entity *> > Layer3" (?Layer3@@3V?$vector@PAVEntity@@V?$allocator@PAVEntity@@@std@@@std@@A) already defined in gamefunctions.obj; second definition ignored
Timer.obj : warning LNK4006: "class std::vector<class Entity *,class std::allocator<class Entity *> > Layer4" (?Layer4@@3V?$vector@PAVEntity@@V?$allocator@PAVEntity@@@std@@@std@@A) already defined in gamefunctions.obj; second definition ignored
Timer.obj : warning LNK4006: "class std::vector<class Entity *,class std::allocator<class Entity *> > Layer5" (?Layer5@@3V?$vector@PAVEntity@@V?$allocator@PAVEntity@@@std@@@std@@A) already defined in gamefunctions.obj; second definition ignored
Timer.obj : warning LNK4006: "class std::vector<class Entity *,class std::allocator<class Entity *> > Layer6" (?Layer6@@3V?$vector@PAVEntity@@V?$allocator@PAVEntity@@@std@@@std@@A) already defined in gamefunctions.obj; second definition ignored
Timer.obj : warning LNK4006: "class std::vector<class Entity *,class std::allocator<class Entity *> > Layer7" (?Layer7@@3V?$vector@PAVEntity@@V?$allocator@PAVEntity@@@std@@@std@@A) already defined in gamefunctions.obj; second definition ignored
Wall.obj : warning LNK4006: "int __cdecl assignEntityID(bool)" (?assignEntityID@@YAH_N@Z) already defined in Elevator.obj; second definition ignored
Window.obj : warning LNK4006: "float __cdecl approach(float,float &,float)" (?approach@@YAMMAAMM@Z) already defined in gamefunctions.obj; second definition ignored
Window.obj : warning LNK4006: "int __cdecl assignEntityID(bool)" (?assignEntityID@@YAH_N@Z) already defined in Elevator.obj; second definition ignored
Window.obj : warning LNK4006: "void __cdecl createEntity(struct POINT,int)" (?createEntity@@YAXUPOINT@@H@Z) already defined in gamefunctions.obj; second definition ignored
Window.obj : warning LNK4006: "struct SDL_Surface * __cdecl loadSurface(class std::basic_string<char,struct std::char_traits<char>,class std::allocator<char> >,struct SDL_Surface *)" (?loadSurface@@YAPAUSDL_Surface@@V?$basic_string@DU?$char_traits@D@std@@V?$allocator@D@2@@std@@PAU1@@Z) already defined in gamefunctions.obj; second definition ignored
Window.obj : warning LNK4006: "struct SDL_Texture * __cdecl loadTexture(class std::basic_string<char,struct std::char_traits<char>,class std::allocator<char> >,struct SDL_Renderer *)" (?loadTexture@@YAPAUSDL_Texture@@V?$basic_string@DU?$char_traits@D@std@@V?$allocator@D@2@@std@@PAUSDL_Renderer@@@Z) already defined in gamefunctions.obj; second definition ignored
Window.obj : warning LNK4006: "float __cdecl round(float,int)" (?round@@YAMMH@Z) already defined in gamefunctions.obj; second definition ignored
Window.obj : warning LNK4006: "class std::vector<class Entity *,class std::allocator<class Entity *> > ObjectList" (?ObjectList@@3V?$vector@PAVEntity@@V?$allocator@PAVEntity@@@std@@@std@@A) already defined in gamefunctions.obj; second definition ignored
Window.obj : warning LNK4006: "class std::vector<class std::vector<class Entity *,class std::allocator<class Entity *> >,class std::allocator<class std::vector<class Entity *,class std::allocator<class Entity *> > > > Layers" (?Layers@@3V?$vector@V?$vector@PAVEntity@@V?$allocator@PAVEntity@@@std@@@std@@V?$allocator@V?$vector@PAVEntity@@V?$allocator@PAVEntity@@@std@@@std@@@2@@std@@A) already defined in gamefunctions.obj; second definition ignored
Window.obj : warning LNK4006: "class std::vector<class Entity *,class std::allocator<class Entity *> > Layer1" (?Layer1@@3V?$vector@PAVEntity@@V?$allocator@PAVEntity@@@std@@@std@@A) already defined in gamefunctions.obj; second definition ignored
Window.obj : warning LNK4006: "class std::vector<class Entity *,class std::allocator<class Entity *> > Layer2" (?Layer2@@3V?$vector@PAVEntity@@V?$allocator@PAVEntity@@@std@@@std@@A) already defined in gamefunctions.obj; second definition ignored
Window.obj : warning LNK4006: "class std::vector<class Entity *,class std::allocator<class Entity *> > Layer3" (?Layer3@@3V?$vector@PAVEntity@@V?$allocator@PAVEntity@@@std@@@std@@A) already defined in gamefunctions.obj; second definition ignored
Window.obj : warning LNK4006: "class std::vector<class Entity *,class std::allocator<class Entity *> > Layer4" (?Layer4@@3V?$vector@PAVEntity@@V?$allocator@PAVEntity@@@std@@@std@@A) already defined in gamefunctions.obj; second definition ignored
Window.obj : warning LNK4006: "class std::vector<class Entity *,class std::allocator<class Entity *> > Layer5" (?Layer5@@3V?$vector@PAVEntity@@V?$allocator@PAVEntity@@@std@@@std@@A) already defined in gamefunctions.obj; second definition ignored
Window.obj : warning LNK4006: "class std::vector<class Entity *,class std::allocator<class Entity *> > Layer6" (?Layer6@@3V?$vector@PAVEntity@@V?$allocator@PAVEntity@@@std@@@std@@A) already defined in gamefunctions.obj; second definition ignored
Window.obj : warning LNK4006: "class std::vector<class Entity *,class std::allocator<class Entity *> > Layer7" (?Layer7@@3V?$vector@PAVEntity@@V?$allocator@PAVEntity@@@std@@@std@@A) already defined in gamefunctions.obj; second definition ignored
C:\Users\Michael\Source\Repos\YoshisIsland\Debug\YoshisIsland.exe : warning LNK4088: image being generated due to /FORCE option; image may not run
  YoshisIsland.vcxproj -> C:\Users\Michael\Source\Repos\YoshisIsland\Debug\YoshisIsland.exe
