  Elevator.cpp
c:\users\michael\source\repos\yoshisisland\yoshisisland\shapes.h(18): error C4430: missing type specifier - int assumed. Note: C++ does not support default-int
c:\users\michael\source\repos\yoshisisland\yoshisisland\shapes.h(18): error C2143: syntax error: missing ',' before '&'
c:\users\michael\source\repos\yoshisisland\yoshisisland\shapes.h(18): error C2065: 'v': undeclared identifier
c:\users\michael\source\repos\yoshisisland\yoshisisland\shapes.h(18): error C2228: left of '.x' must have class/struct/union
  c:\users\michael\source\repos\yoshisisland\yoshisisland\shapes.h(18): note: type is 'unknown-type'
c:\users\michael\source\repos\yoshisisland\yoshisisland\shapes.h(18): error C2228: left of '.y' must have class/struct/union
  c:\users\michael\source\repos\yoshisisland\yoshisisland\shapes.h(18): note: type is 'unknown-type'
c:\users\michael\source\repos\yoshisisland\yoshisisland\gameheader.h(44): error C2065: 'Entity': undeclared identifier
c:\users\michael\source\repos\yoshisisland\yoshisisland\gameheader.h(44): error C2065: 'a': undeclared identifier
c:\users\michael\source\repos\yoshisisland\yoshisisland\gameheader.h(44): error C2065: 'b': undeclared identifier
c:\users\michael\source\repos\yoshisisland\yoshisisland\gameheader.h(44): error C2473: 'operator ==': looks like a function definition, but there is no parameter list.
  Entity.cpp
c:\users\michael\source\repos\yoshisisland\yoshisisland\shapes.h(18): error C4430: missing type specifier - int assumed. Note: C++ does not support default-int
c:\users\michael\source\repos\yoshisisland\yoshisisland\shapes.h(18): error C2143: syntax error: missing ',' before '&'
c:\users\michael\source\repos\yoshisisland\yoshisisland\shapes.h(18): error C2065: 'v': undeclared identifier
c:\users\michael\source\repos\yoshisisland\yoshisisland\shapes.h(18): error C2228: left of '.x' must have class/struct/union
  c:\users\michael\source\repos\yoshisisland\yoshisisland\shapes.h(18): note: type is 'unknown-type'
c:\users\michael\source\repos\yoshisisland\yoshisisland\shapes.h(18): error C2228: left of '.y' must have class/struct/union
  c:\users\michael\source\repos\yoshisisland\yoshisisland\shapes.h(18): note: type is 'unknown-type'
c:\users\michael\source\repos\yoshisisland\yoshisisland\gameheader.h(44): error C2065: 'Entity': undeclared identifier
c:\users\michael\source\repos\yoshisisland\yoshisisland\gameheader.h(44): error C2065: 'a': undeclared identifier
c:\users\michael\source\repos\yoshisisland\yoshisisland\gameheader.h(44): error C2065: 'b': undeclared identifier
c:\users\michael\source\repos\yoshisisland\yoshisisland\gameheader.h(44): error C2473: 'operator ==': looks like a function definition, but there is no parameter list.
  gamefunctions.cpp
c:\users\michael\source\repos\yoshisisland\yoshisisland\shapes.h(18): error C4430: missing type specifier - int assumed. Note: C++ does not support default-int
c:\users\michael\source\repos\yoshisisland\yoshisisland\shapes.h(18): error C2143: syntax error: missing ',' before '&'
c:\users\michael\source\repos\yoshisisland\yoshisisland\shapes.h(18): error C2065: 'v': undeclared identifier
c:\users\michael\source\repos\yoshisisland\yoshisisland\shapes.h(18): error C2228: left of '.x' must have class/struct/union
  c:\users\michael\source\repos\yoshisisland\yoshisisland\shapes.h(18): note: type is 'unknown-type'
c:\users\michael\source\repos\yoshisisland\yoshisisland\shapes.h(18): error C2228: left of '.y' must have class/struct/union
  c:\users\michael\source\repos\yoshisisland\yoshisisland\shapes.h(18): note: type is 'unknown-type'
c:\users\michael\source\repos\yoshisisland\yoshisisland\entity.h(10): error C3861: 'assignEntityID': identifier not found
c:\users\michael\source\repos\yoshisisland\yoshisisland\gamefunctions.cpp(110): warning C4244: 'initializing': conversion from 'double' to 'int', possible loss of data
c:\users\michael\source\repos\yoshisisland\yoshisisland\gamefunctions.cpp(111): warning C4244: 'initializing': conversion from 'float' to 'int', possible loss of data
c:\users\michael\source\repos\yoshisisland\yoshisisland\gamefunctions.cpp(142): warning C4244: 'argument': conversion from 'float' to 'int', possible loss of data
  Interactive.cpp
c:\users\michael\source\repos\yoshisisland\yoshisisland\shapes.h(18): error C4430: missing type specifier - int assumed. Note: C++ does not support default-int
c:\users\michael\source\repos\yoshisisland\yoshisisland\shapes.h(18): error C2143: syntax error: missing ',' before '&'
c:\users\michael\source\repos\yoshisisland\yoshisisland\shapes.h(18): error C2065: 'v': undeclared identifier
c:\users\michael\source\repos\yoshisisland\yoshisisland\shapes.h(18): error C2228: left of '.x' must have class/struct/union
  c:\users\michael\source\repos\yoshisisland\yoshisisland\shapes.h(18): note: type is 'unknown-type'
c:\users\michael\source\repos\yoshisisland\yoshisisland\shapes.h(18): error C2228: left of '.y' must have class/struct/union
  c:\users\michael\source\repos\yoshisisland\yoshisisland\shapes.h(18): note: type is 'unknown-type'
c:\users\michael\source\repos\yoshisisland\yoshisisland\gameheader.h(44): error C2065: 'Entity': undeclared identifier
c:\users\michael\source\repos\yoshisisland\yoshisisland\gameheader.h(44): error C2065: 'a': undeclared identifier
c:\users\michael\source\repos\yoshisisland\yoshisisland\gameheader.h(44): error C2065: 'b': undeclared identifier
c:\users\michael\source\repos\yoshisisland\yoshisisland\gameheader.h(44): error C2473: 'operator ==': looks like a function definition, but there is no parameter list.
c:\users\michael\source\repos\yoshisisland\yoshisisland\interactive.cpp(63): error C2679: binary '+=': no operator found which takes a right-hand operand of type 'VECTOR' (or there is no acceptable conversion)
  c:\users\michael\source\repos\yoshisisland\yoshisisland\shapes.h(18): note: could be 'void POINT::operator +=(const int)'
  c:\users\michael\source\repos\yoshisisland\yoshisisland\shapes.h(15): note: or       'void POINT::operator +=(const POINT &)'
  c:\users\michael\source\repos\yoshisisland\yoshisisland\interactive.cpp(63): note: while trying to match the argument list '(POINT, VECTOR)'
  main.cpp
c:\users\michael\source\repos\yoshisisland\yoshisisland\shapes.h(18): error C4430: missing type specifier - int assumed. Note: C++ does not support default-int
c:\users\michael\source\repos\yoshisisland\yoshisisland\shapes.h(18): error C2143: syntax error: missing ',' before '&'
c:\users\michael\source\repos\yoshisisland\yoshisisland\shapes.h(18): error C2065: 'v': undeclared identifier
c:\users\michael\source\repos\yoshisisland\yoshisisland\shapes.h(18): error C2228: left of '.x' must have class/struct/union
  c:\users\michael\source\repos\yoshisisland\yoshisisland\shapes.h(18): note: type is 'unknown-type'
c:\users\michael\source\repos\yoshisisland\yoshisisland\shapes.h(18): error C2228: left of '.y' must have class/struct/union
  c:\users\michael\source\repos\yoshisisland\yoshisisland\shapes.h(18): note: type is 'unknown-type'
c:\users\michael\source\repos\yoshisisland\yoshisisland\entity.h(10): error C3861: 'assignEntityID': identifier not found
c:\users\michael\source\repos\yoshisisland\yoshisisland\main.cpp(178): warning C4244: 'initializing': conversion from 'float' to 'int', possible loss of data
c:\users\michael\source\repos\yoshisisland\yoshisisland\main.cpp(233): warning C4244: 'argument': conversion from 'float' to 'int', possible loss of data
c:\users\michael\source\repos\yoshisisland\yoshisisland\main.cpp(235): warning C4244: 'argument': conversion from 'float' to 'int', possible loss of data
c:\users\michael\source\repos\yoshisisland\yoshisisland\main.cpp(240): warning C4244: 'argument': conversion from 'float' to 'int', possible loss of data
c:\users\michael\source\repos\yoshisisland\yoshisisland\main.cpp(242): warning C4244: 'argument': conversion from 'float' to 'int', possible loss of data
c:\users\michael\source\repos\yoshisisland\yoshisisland\main.cpp(244): warning C4244: 'argument': conversion from 'float' to 'int', possible loss of data
c:\users\michael\source\repos\yoshisisland\yoshisisland\main.cpp(246): warning C4244: 'argument': conversion from 'float' to 'int', possible loss of data
  Texture.cpp
c:\users\michael\source\repos\yoshisisland\yoshisisland\shapes.h(18): error C4430: missing type specifier - int assumed. Note: C++ does not support default-int
c:\users\michael\source\repos\yoshisisland\yoshisisland\shapes.h(18): error C2143: syntax error: missing ',' before '&'
c:\users\michael\source\repos\yoshisisland\yoshisisland\shapes.h(18): error C2065: 'v': undeclared identifier
c:\users\michael\source\repos\yoshisisland\yoshisisland\shapes.h(18): error C2228: left of '.x' must have class/struct/union
  c:\users\michael\source\repos\yoshisisland\yoshisisland\shapes.h(18): note: type is 'unknown-type'
c:\users\michael\source\repos\yoshisisland\yoshisisland\shapes.h(18): error C2228: left of '.y' must have class/struct/union
  c:\users\michael\source\repos\yoshisisland\yoshisisland\shapes.h(18): note: type is 'unknown-type'
c:\users\michael\source\repos\yoshisisland\yoshisisland\entity.h(24): error C2143: syntax error: missing ';' before '&'
c:\users\michael\source\repos\yoshisisland\yoshisisland\entity.h(24): error C2433: 'Entity::Texture': 'virtual' not permitted on data declarations
c:\users\michael\source\repos\yoshisisland\yoshisisland\entity.h(24): error C4430: missing type specifier - int assumed. Note: C++ does not support default-int
c:\users\michael\source\repos\yoshisisland\yoshisisland\entity.h(24): error C2238: unexpected token(s) preceding ';'
  Timer.cpp
c:\users\michael\source\repos\yoshisisland\yoshisisland\shapes.h(18): error C4430: missing type specifier - int assumed. Note: C++ does not support default-int
c:\users\michael\source\repos\yoshisisland\yoshisisland\shapes.h(18): error C2143: syntax error: missing ',' before '&'
c:\users\michael\source\repos\yoshisisland\yoshisisland\shapes.h(18): error C2065: 'v': undeclared identifier
c:\users\michael\source\repos\yoshisisland\yoshisisland\shapes.h(18): error C2228: left of '.x' must have class/struct/union
  c:\users\michael\source\repos\yoshisisland\yoshisisland\shapes.h(18): note: type is 'unknown-type'
c:\users\michael\source\repos\yoshisisland\yoshisisland\shapes.h(18): error C2228: left of '.y' must have class/struct/union
  c:\users\michael\source\repos\yoshisisland\yoshisisland\shapes.h(18): note: type is 'unknown-type'
c:\users\michael\source\repos\yoshisisland\yoshisisland\entity.h(10): error C3861: 'assignEntityID': identifier not found
  Wall.cpp
c:\users\michael\source\repos\yoshisisland\yoshisisland\shapes.h(18): error C4430: missing type specifier - int assumed. Note: C++ does not support default-int
c:\users\michael\source\repos\yoshisisland\yoshisisland\shapes.h(18): error C2143: syntax error: missing ',' before '&'
c:\users\michael\source\repos\yoshisisland\yoshisisland\shapes.h(18): error C2065: 'v': undeclared identifier
c:\users\michael\source\repos\yoshisisland\yoshisisland\shapes.h(18): error C2228: left of '.x' must have class/struct/union
  c:\users\michael\source\repos\yoshisisland\yoshisisland\shapes.h(18): note: type is 'unknown-type'
c:\users\michael\source\repos\yoshisisland\yoshisisland\shapes.h(18): error C2228: left of '.y' must have class/struct/union
  c:\users\michael\source\repos\yoshisisland\yoshisisland\shapes.h(18): note: type is 'unknown-type'
c:\users\michael\source\repos\yoshisisland\yoshisisland\gameheader.h(44): error C2065: 'Entity': undeclared identifier
c:\users\michael\source\repos\yoshisisland\yoshisisland\gameheader.h(44): error C2065: 'a': undeclared identifier
c:\users\michael\source\repos\yoshisisland\yoshisisland\gameheader.h(44): error C2065: 'b': undeclared identifier
c:\users\michael\source\repos\yoshisisland\yoshisisland\gameheader.h(44): error C2473: 'operator ==': looks like a function definition, but there is no parameter list.
c:\users\michael\source\repos\yoshisisland\yoshisisland\wall.cpp(37): warning C4838: conversion from 'float' to 'int' requires a narrowing conversion
c:\users\michael\source\repos\yoshisisland\yoshisisland\wall.cpp(37): warning C4244: 'initializing': conversion from 'float' to 'int', possible loss of data
c:\users\michael\source\repos\yoshisisland\yoshisisland\wall.cpp(55): warning C4838: conversion from 'float' to 'int' requires a narrowing conversion
c:\users\michael\source\repos\yoshisisland\yoshisisland\wall.cpp(55): warning C4244: 'initializing': conversion from 'float' to 'int', possible loss of data
  Window.cpp
c:\users\michael\source\repos\yoshisisland\yoshisisland\shapes.h(18): error C4430: missing type specifier - int assumed. Note: C++ does not support default-int
c:\users\michael\source\repos\yoshisisland\yoshisisland\shapes.h(18): error C2143: syntax error: missing ',' before '&'
c:\users\michael\source\repos\yoshisisland\yoshisisland\shapes.h(18): error C2065: 'v': undeclared identifier
c:\users\michael\source\repos\yoshisisland\yoshisisland\shapes.h(18): error C2228: left of '.x' must have class/struct/union
  c:\users\michael\source\repos\yoshisisland\yoshisisland\shapes.h(18): note: type is 'unknown-type'
c:\users\michael\source\repos\yoshisisland\yoshisisland\shapes.h(18): error C2228: left of '.y' must have class/struct/union
  c:\users\michael\source\repos\yoshisisland\yoshisisland\shapes.h(18): note: type is 'unknown-type'
c:\users\michael\source\repos\yoshisisland\yoshisisland\entity.h(10): error C3861: 'assignEntityID': identifier not found
c:\users\michael\source\repos\yoshisisland\yoshisisland\gamefunctions.cpp(110): warning C4244: 'initializing': conversion from 'double' to 'int', possible loss of data
c:\users\michael\source\repos\yoshisisland\yoshisisland\gamefunctions.cpp(111): warning C4244: 'initializing': conversion from 'float' to 'int', possible loss of data
c:\users\michael\source\repos\yoshisisland\yoshisisland\gamefunctions.cpp(142): warning C4244: 'argument': conversion from 'float' to 'int', possible loss of data
c:\users\michael\source\repos\yoshisisland\yoshisisland\window.cpp(32): warning C4244: 'return': conversion from 'Uint32' to 'float', possible loss of data
  Generating Code...
