  Elevator.cpp
  main.cpp
c:\users\michael\source\repos\yoshisisland\yoshisisland\main.cpp(200): warning C4244: 'argument': conversion from 'float' to 'int', possible loss of data
c:\users\michael\source\repos\yoshisisland\yoshisisland\main.cpp(202): warning C4244: 'argument': conversion from 'float' to 'int', possible loss of data
c:\users\michael\source\repos\yoshisisland\yoshisisland\main.cpp(204): warning C4244: 'argument': conversion from 'float' to 'int', possible loss of data
c:\users\michael\source\repos\yoshisisland\yoshisisland\main.cpp(206): warning C4244: 'argument': conversion from 'float' to 'int', possible loss of data
c:\users\michael\source\repos\yoshisisland\yoshisisland\main.cpp(208): warning C4244: 'argument': conversion from 'float' to 'int', possible loss of data
c:\users\michael\source\repos\yoshisisland\yoshisisland\main.cpp(210): warning C4244: 'argument': conversion from 'float' to 'int', possible loss of data
c:\users\michael\source\repos\yoshisisland\yoshisisland\main.cpp(212): warning C4244: 'argument': conversion from 'float' to 'int', possible loss of data
  Generating Code...
LINK : warning LNK4075: ignoring '/INCREMENTAL' due to '/FORCE' specification
Entity.obj : warning LNK4006: "int __cdecl assignEntityID(bool)" (?assignEntityID@@YAH_N@Z) already defined in Elevator.obj; second definition ignored
Entity.obj : warning LNK4006: "float dt" (?dt@@3MA) already defined in Elevator.obj; second definition ignored
Entity.obj : warning LNK4006: "float flCurrentTime" (?flCurrentTime@@3MA) already defined in Elevator.obj; second definition ignored
Entity.obj : warning LNK4006: "float flPreviousTime" (?flPreviousTime@@3MA) already defined in Elevator.obj; second definition ignored
gamefunctions.obj : warning LNK4006: "int __cdecl assignEntityID(bool)" (?assignEntityID@@YAH_N@Z) already defined in Elevator.obj; second definition ignored
gamefunctions.obj : warning LNK4006: "float dt" (?dt@@3MA) already defined in Elevator.obj; second definition ignored
gamefunctions.obj : warning LNK4006: "float flCurrentTime" (?flCurrentTime@@3MA) already defined in Elevator.obj; second definition ignored
gamefunctions.obj : warning LNK4006: "float flPreviousTime" (?flPreviousTime@@3MA) already defined in Elevator.obj; second definition ignored
Interactive.obj : warning LNK4006: "int __cdecl assignEntityID(bool)" (?assignEntityID@@YAH_N@Z) already defined in Elevator.obj; second definition ignored
Interactive.obj : warning LNK4006: "float dt" (?dt@@3MA) already defined in Elevator.obj; second definition ignored
Interactive.obj : warning LNK4006: "float flCurrentTime" (?flCurrentTime@@3MA) already defined in Elevator.obj; second definition ignored
Interactive.obj : warning LNK4006: "float flPreviousTime" (?flPreviousTime@@3MA) already defined in Elevator.obj; second definition ignored
main.obj : warning LNK4006: "int __cdecl assignEntityID(bool)" (?assignEntityID@@YAH_N@Z) already defined in Elevator.obj; second definition ignored
main.obj : warning LNK4006: "float dt" (?dt@@3MA) already defined in Elevator.obj; second definition ignored
main.obj : warning LNK4006: "float flCurrentTime" (?flCurrentTime@@3MA) already defined in Elevator.obj; second definition ignored
main.obj : warning LNK4006: "float flPreviousTime" (?flPreviousTime@@3MA) already defined in Elevator.obj; second definition ignored
main.obj : warning LNK4006: "class std::vector<class Interactive *,class std::allocator<class Interactive *> > ObjectList" (?ObjectList@@3V?$vector@PAVInteractive@@V?$allocator@PAVInteractive@@@std@@@std@@A) already defined in gamefunctions.obj; second definition ignored
main.obj : warning LNK4006: "class std::vector<class Interactive *,class std::allocator<class Interactive *> > Layer1" (?Layer1@@3V?$vector@PAVInteractive@@V?$allocator@PAVInteractive@@@std@@@std@@A) already defined in gamefunctions.obj; second definition ignored
main.obj : warning LNK4006: "class std::vector<class Interactive *,class std::allocator<class Interactive *> > Layer2" (?Layer2@@3V?$vector@PAVInteractive@@V?$allocator@PAVInteractive@@@std@@@std@@A) already defined in gamefunctions.obj; second definition ignored
main.obj : warning LNK4006: "class std::vector<class Interactive *,class std::allocator<class Interactive *> > Layer3" (?Layer3@@3V?$vector@PAVInteractive@@V?$allocator@PAVInteractive@@@std@@@std@@A) already defined in gamefunctions.obj; second definition ignored
main.obj : warning LNK4006: "class std::vector<class Interactive *,class std::allocator<class Interactive *> > Layer4" (?Layer4@@3V?$vector@PAVInteractive@@V?$allocator@PAVInteractive@@@std@@@std@@A) already defined in gamefunctions.obj; second definition ignored
main.obj : warning LNK4006: "class std::vector<class Interactive *,class std::allocator<class Interactive *> > Layer5" (?Layer5@@3V?$vector@PAVInteractive@@V?$allocator@PAVInteractive@@@std@@@std@@A) already defined in gamefunctions.obj; second definition ignored
main.obj : warning LNK4006: "class std::vector<class Interactive *,class std::allocator<class Interactive *> > Layer6" (?Layer6@@3V?$vector@PAVInteractive@@V?$allocator@PAVInteractive@@@std@@@std@@A) already defined in gamefunctions.obj; second definition ignored
main.obj : warning LNK4006: "class std::vector<class Interactive *,class std::allocator<class Interactive *> > Layer7" (?Layer7@@3V?$vector@PAVInteractive@@V?$allocator@PAVInteractive@@@std@@@std@@A) already defined in gamefunctions.obj; second definition ignored
Path_node.obj : warning LNK4006: "int __cdecl assignEntityID(bool)" (?assignEntityID@@YAH_N@Z) already defined in Elevator.obj; second definition ignored
Path_node.obj : warning LNK4006: "float dt" (?dt@@3MA) already defined in Elevator.obj; second definition ignored
Path_node.obj : warning LNK4006: "float flCurrentTime" (?flCurrentTime@@3MA) already defined in Elevator.obj; second definition ignored
Path_node.obj : warning LNK4006: "float flPreviousTime" (?flPreviousTime@@3MA) already defined in Elevator.obj; second definition ignored
Texture.obj : warning LNK4006: "int __cdecl assignEntityID(bool)" (?assignEntityID@@YAH_N@Z) already defined in Elevator.obj; second definition ignored
Texture.obj : warning LNK4006: "float dt" (?dt@@3MA) already defined in Elevator.obj; second definition ignored
Texture.obj : warning LNK4006: "float flCurrentTime" (?flCurrentTime@@3MA) already defined in Elevator.obj; second definition ignored
Texture.obj : warning LNK4006: "float flPreviousTime" (?flPreviousTime@@3MA) already defined in Elevator.obj; second definition ignored
Timer.obj : warning LNK4006: "int __cdecl assignEntityID(bool)" (?assignEntityID@@YAH_N@Z) already defined in Elevator.obj; second definition ignored
Timer.obj : warning LNK4006: "float dt" (?dt@@3MA) already defined in Elevator.obj; second definition ignored
Timer.obj : warning LNK4006: "float flCurrentTime" (?flCurrentTime@@3MA) already defined in Elevator.obj; second definition ignored
Timer.obj : warning LNK4006: "float flPreviousTime" (?flPreviousTime@@3MA) already defined in Elevator.obj; second definition ignored
Timer.obj : warning LNK4006: "class std::vector<class Interactive *,class std::allocator<class Interactive *> > ObjectList" (?ObjectList@@3V?$vector@PAVInteractive@@V?$allocator@PAVInteractive@@@std@@@std@@A) already defined in gamefunctions.obj; second definition ignored
Timer.obj : warning LNK4006: "class std::vector<class Interactive *,class std::allocator<class Interactive *> > Layer1" (?Layer1@@3V?$vector@PAVInteractive@@V?$allocator@PAVInteractive@@@std@@@std@@A) already defined in gamefunctions.obj; second definition ignored
Timer.obj : warning LNK4006: "class std::vector<class Interactive *,class std::allocator<class Interactive *> > Layer2" (?Layer2@@3V?$vector@PAVInteractive@@V?$allocator@PAVInteractive@@@std@@@std@@A) already defined in gamefunctions.obj; second definition ignored
Timer.obj : warning LNK4006: "class std::vector<class Interactive *,class std::allocator<class Interactive *> > Layer3" (?Layer3@@3V?$vector@PAVInteractive@@V?$allocator@PAVInteractive@@@std@@@std@@A) already defined in gamefunctions.obj; second definition ignored
Timer.obj : warning LNK4006: "class std::vector<class Interactive *,class std::allocator<class Interactive *> > Layer4" (?Layer4@@3V?$vector@PAVInteractive@@V?$allocator@PAVInteractive@@@std@@@std@@A) already defined in gamefunctions.obj; second definition ignored
Timer.obj : warning LNK4006: "class std::vector<class Interactive *,class std::allocator<class Interactive *> > Layer5" (?Layer5@@3V?$vector@PAVInteractive@@V?$allocator@PAVInteractive@@@std@@@std@@A) already defined in gamefunctions.obj; second definition ignored
Timer.obj : warning LNK4006: "class std::vector<class Interactive *,class std::allocator<class Interactive *> > Layer6" (?Layer6@@3V?$vector@PAVInteractive@@V?$allocator@PAVInteractive@@@std@@@std@@A) already defined in gamefunctions.obj; second definition ignored
Timer.obj : warning LNK4006: "class std::vector<class Interactive *,class std::allocator<class Interactive *> > Layer7" (?Layer7@@3V?$vector@PAVInteractive@@V?$allocator@PAVInteractive@@@std@@@std@@A) already defined in gamefunctions.obj; second definition ignored
Wall.obj : warning LNK4006: "int __cdecl assignEntityID(bool)" (?assignEntityID@@YAH_N@Z) already defined in Elevator.obj; second definition ignored
Wall.obj : warning LNK4006: "float dt" (?dt@@3MA) already defined in Elevator.obj; second definition ignored
Wall.obj : warning LNK4006: "float flCurrentTime" (?flCurrentTime@@3MA) already defined in Elevator.obj; second definition ignored
Wall.obj : warning LNK4006: "float flPreviousTime" (?flPreviousTime@@3MA) already defined in Elevator.obj; second definition ignored
Window.obj : warning LNK4006: "bool __cdecl operator==(class Entity &,class Entity &)" (??8@YA_NAAVEntity@@0@Z) already defined in gamefunctions.obj; second definition ignored
Window.obj : warning LNK4006: "float __cdecl approach(float,float &,float)" (?approach@@YAMMAAMM@Z) already defined in gamefunctions.obj; second definition ignored
Window.obj : warning LNK4006: "int __cdecl assignEntityID(bool)" (?assignEntityID@@YAH_N@Z) already defined in Elevator.obj; second definition ignored
Window.obj : warning LNK4006: "bool __cdecl checkCollision(struct CIRCLE &,struct CIRCLE &)" (?checkCollision@@YA_NAAUCIRCLE@@0@Z) already defined in gamefunctions.obj; second definition ignored
Window.obj : warning LNK4006: "bool __cdecl checkCollision(struct SDL_Rect &,struct SDL_Rect &)" (?checkCollision@@YA_NAAUSDL_Rect@@0@Z) already defined in gamefunctions.obj; second definition ignored
Window.obj : warning LNK4006: "bool __cdecl checkCollision(class std::vector<struct SDL_Rect,class std::allocator<struct SDL_Rect> > &,class std::vector<struct SDL_Rect,class std::allocator<struct SDL_Rect> > &)" (?checkCollision@@YA_NAAV?$vector@USDL_Rect@@V?$allocator@USDL_Rect@@@std@@@std@@0@Z) already defined in gamefunctions.obj; second definition ignored
Window.obj : warning LNK4006: "float __cdecl clamp(float,float)" (?clamp@@YAMMM@Z) already defined in gamefunctions.obj; second definition ignored
Window.obj : warning LNK4006: "void __cdecl consoleCommand(class std::basic_string<char,struct std::char_traits<char>,class std::allocator<char> >)" (?consoleCommand@@YAXV?$basic_string@DU?$char_traits@D@std@@V?$allocator@D@2@@std@@@Z) already defined in gamefunctions.obj; second definition ignored
Window.obj : warning LNK4006: "class Interactive * __cdecl createEntity(struct POINT,int,enum ENTTYPE)" (?createEntity@@YAPAVInteractive@@UPOINT@@HW4ENTTYPE@@@Z) already defined in gamefunctions.obj; second definition ignored
Window.obj : warning LNK4006: "void __cdecl deleteEntity(int)" (?deleteEntity@@YAXH@Z) already defined in gamefunctions.obj; second definition ignored
Window.obj : warning LNK4006: "double __cdecl distanceSquared(int,int,int,int)" (?distanceSquared@@YANHHHH@Z) already defined in gamefunctions.obj; second definition ignored
Window.obj : warning LNK4006: "float __cdecl euclidean_distance(struct POINT,struct POINT)" (?euclidean_distance@@YAMUPOINT@@0@Z) already defined in gamefunctions.obj; second definition ignored
Window.obj : warning LNK4006: "enum ENTTYPE __cdecl getEntityType(class std::basic_string<char,struct std::char_traits<char>,class std::allocator<char> >)" (?getEntityType@@YA?AW4ENTTYPE@@V?$basic_string@DU?$char_traits@D@std@@V?$allocator@D@2@@std@@@Z) already defined in gamefunctions.obj; second definition ignored
Window.obj : warning LNK4006: "enum KEYVALUE __cdecl getKeyValue(class std::basic_string<char,struct std::char_traits<char>,class std::allocator<char> >)" (?getKeyValue@@YA?AW4KEYVALUE@@V?$basic_string@DU?$char_traits@D@std@@V?$allocator@D@2@@std@@@Z) already defined in gamefunctions.obj; second definition ignored
Window.obj : warning LNK4006: "struct VECTOR __cdecl getUnitVector(struct VECTOR)" (?getUnitVector@@YA?AUVECTOR@@U1@@Z) already defined in gamefunctions.obj; second definition ignored
Window.obj : warning LNK4006: "struct SDL_Surface * __cdecl loadSurface(class std::basic_string<char,struct std::char_traits<char>,class std::allocator<char> >,struct SDL_Surface *)" (?loadSurface@@YAPAUSDL_Surface@@V?$basic_string@DU?$char_traits@D@std@@V?$allocator@D@2@@std@@PAU1@@Z) already defined in gamefunctions.obj; second definition ignored
Window.obj : warning LNK4006: "struct SDL_Texture * __cdecl loadTexture(class std::basic_string<char,struct std::char_traits<char>,class std::allocator<char> >,struct SDL_Renderer *)" (?loadTexture@@YAPAUSDL_Texture@@V?$basic_string@DU?$char_traits@D@std@@V?$allocator@D@2@@std@@PAUSDL_Renderer@@@Z) already defined in gamefunctions.obj; second definition ignored
Window.obj : warning LNK4006: "void __cdecl modifyEntity(class Interactive *,class std::basic_string<char,struct std::char_traits<char>,class std::allocator<char> >,class std::basic_string<char,struct std::char_traits<char>,class std::allocator<char> >)" (?modifyEntity@@YAXPAVInteractive@@V?$basic_string@DU?$char_traits@D@std@@V?$allocator@D@2@@std@@1@Z) already defined in gamefunctions.obj; second definition ignored
Window.obj : warning LNK4006: "float __cdecl round(float,int)" (?round@@YAMMH@Z) already defined in gamefunctions.obj; second definition ignored
Window.obj : warning LNK4006: "class std::vector<class std::basic_string<char,struct std::char_traits<char>,class std::allocator<char> >,class std::allocator<class std::basic_string<char,struct std::char_traits<char>,class std::allocator<char> > > > __cdecl stringsplit(class std::basic_string<char,struct std::char_traits<char>,class std::allocator<char> >,class std::basic_string<char,struct std::char_traits<char>,class std::allocator<char> >)" (?stringsplit@@YA?AV?$vector@V?$basic_string@DU?$char_traits@D@std@@V?$allocator@D@2@@std@@V?$allocator@V?$basic_string@DU?$char_traits@D@std@@V?$allocator@D@2@@std@@@2@@std@@V?$basic_string@DU?$char_traits@D@std@@V?$allocator@D@2@@2@0@Z) already defined in gamefunctions.obj; second definition ignored
Window.obj : warning LNK4006: "class std::vector<class std::basic_string<char,struct std::char_traits<char>,class std::allocator<char> >,class std::allocator<class std::basic_string<char,struct std::char_traits<char>,class std::allocator<char> > > > __cdecl stringsplit_first_of(class std::basic_string<char,struct std::char_traits<char>,class std::allocator<char> >,class std::basic_string<char,struct std::char_traits<char>,class std::allocator<char> >)" (?stringsplit_first_of@@YA?AV?$vector@V?$basic_string@DU?$char_traits@D@std@@V?$allocator@D@2@@std@@V?$allocator@V?$basic_string@DU?$char_traits@D@std@@V?$allocator@D@2@@std@@@2@@std@@V?$basic_string@DU?$char_traits@D@std@@V?$allocator@D@2@@2@0@Z) already defined in gamefunctions.obj; second definition ignored
Window.obj : warning LNK4006: "class std::vector<class std::basic_string<char,struct std::char_traits<char>,class std::allocator<char> >,class std::allocator<class std::basic_string<char,struct std::char_traits<char>,class std::allocator<char> > > > __cdecl stringsplit_n(class std::basic_string<char,struct std::char_traits<char>,class std::allocator<char> >,class std::basic_string<char,struct std::char_traits<char>,class std::allocator<char> >,int)" (?stringsplit_n@@YA?AV?$vector@V?$basic_string@DU?$char_traits@D@std@@V?$allocator@D@2@@std@@V?$allocator@V?$basic_string@DU?$char_traits@D@std@@V?$allocator@D@2@@std@@@2@@std@@V?$basic_string@DU?$char_traits@D@std@@V?$allocator@D@2@@2@0H@Z) already defined in gamefunctions.obj; second definition ignored
Window.obj : warning LNK4006: "float dt" (?dt@@3MA) already defined in Elevator.obj; second definition ignored
Window.obj : warning LNK4006: "float flCurrentTime" (?flCurrentTime@@3MA) already defined in Elevator.obj; second definition ignored
Window.obj : warning LNK4006: "float flPreviousTime" (?flPreviousTime@@3MA) already defined in Elevator.obj; second definition ignored
Window.obj : warning LNK4006: "class std::vector<class Interactive *,class std::allocator<class Interactive *> > ObjectList" (?ObjectList@@3V?$vector@PAVInteractive@@V?$allocator@PAVInteractive@@@std@@@std@@A) already defined in gamefunctions.obj; second definition ignored
Window.obj : warning LNK4006: "class std::vector<class Interactive *,class std::allocator<class Interactive *> > Layer1" (?Layer1@@3V?$vector@PAVInteractive@@V?$allocator@PAVInteractive@@@std@@@std@@A) already defined in gamefunctions.obj; second definition ignored
Window.obj : warning LNK4006: "class std::vector<class Interactive *,class std::allocator<class Interactive *> > Layer2" (?Layer2@@3V?$vector@PAVInteractive@@V?$allocator@PAVInteractive@@@std@@@std@@A) already defined in gamefunctions.obj; second definition ignored
Window.obj : warning LNK4006: "class std::vector<class Interactive *,class std::allocator<class Interactive *> > Layer3" (?Layer3@@3V?$vector@PAVInteractive@@V?$allocator@PAVInteractive@@@std@@@std@@A) already defined in gamefunctions.obj; second definition ignored
Window.obj : warning LNK4006: "class std::vector<class Interactive *,class std::allocator<class Interactive *> > Layer4" (?Layer4@@3V?$vector@PAVInteractive@@V?$allocator@PAVInteractive@@@std@@@std@@A) already defined in gamefunctions.obj; second definition ignored
Window.obj : warning LNK4006: "class std::vector<class Interactive *,class std::allocator<class Interactive *> > Layer5" (?Layer5@@3V?$vector@PAVInteractive@@V?$allocator@PAVInteractive@@@std@@@std@@A) already defined in gamefunctions.obj; second definition ignored
Window.obj : warning LNK4006: "class std::vector<class Interactive *,class std::allocator<class Interactive *> > Layer6" (?Layer6@@3V?$vector@PAVInteractive@@V?$allocator@PAVInteractive@@@std@@@std@@A) already defined in gamefunctions.obj; second definition ignored
Window.obj : warning LNK4006: "class std::vector<class Interactive *,class std::allocator<class Interactive *> > Layer7" (?Layer7@@3V?$vector@PAVInteractive@@V?$allocator@PAVInteractive@@@std@@@std@@A) already defined in gamefunctions.obj; second definition ignored
C:\Users\Michael\Source\Repos\YoshisIsland\Debug\YoshisIsland.exe : warning LNK4088: image being generated due to /FORCE option; image may not run
  YoshisIsland.vcxproj -> C:\Users\Michael\Source\Repos\YoshisIsland\Debug\YoshisIsland.exe
